app/build/outputs/logs/manifest-merger-debug-report.txt
-- Merging decision tree log ---
manifest
ADDED from src\main\AndroidManifest.xml:2:1-180:12
	package
		ADDED from src\main\AndroidManifest.xml:3:5-36
		INJECTED from src\main\AndroidManifest.xml
		INJECTED from src\main\AndroidManifest.xml
	android:versionName
		INJECTED from src\main\AndroidManifest.xml
		INJECTED from src\main\AndroidManifest.xml
	xmlns:android
		ADDED from src\main\AndroidManifest.xml:2:11-69
	android:versionCode
		INJECTED from src\main\AndroidManifest.xml
		INJECTED from src\main\AndroidManifest.xml
uses-permission#android.permission.INTERNET
ADDED from src\main\AndroidManifest.xml:5:5-67
	android:name
		ADDED from src\main\AndroidManifest.xml:5:22-64
uses-permission#android.permission.ACCESS_NETWORK_STATE
ADDED from src\main\AndroidManifest.xml:6:5-79
	android:name
		ADDED from src\main\AndroidManifest.xml:6:22-76
application
ADDED from src\main\AndroidManifest.xml:8:5-178:19
MERGED from [com.android.support:appcompat-v7:23.1.1] AndroidManifest.xml:22:5-20
MERGED from [com.android.support:support-v4:23.1.1] AndroidManifest.xml:22:5-20
MERGED from [com.android.support:design:23.1.1] AndroidManifest.xml:22:5-20
MERGED from [com.android.support:appcompat-v7:23.1.1] AndroidManifest.xml:22:5-20
MERGED from [com.android.support:support-v4:23.1.1] AndroidManifest.xml:22:5-20
MERGED from [com.android.support:support-v4:23.1.1] AndroidManifest.xml:22:5-20
MERGED from [com.android.support:support-v4:23.1.1] AndroidManifest.xml:22:5-20
	android:label
		ADDED from src\main\AndroidManifest.xml:11:9-41
	android:supportsRtl
		ADDED from src\main\AndroidManifest.xml:12:9-35
	android:allowBackup
		ADDED from src\main\AndroidManifest.xml:9:9-35
	android:icon
		ADDED from src\main\AndroidManifest.xml:10:9-42
	android:theme
		ADDED from src\main\AndroidManifest.xml:13:9-40
activity#com.example.viraj.wsg.StartScreen
ADDED from src\main\AndroidManifest.xml:14:9-23:20
	android:label
		ADDED from src\main\AndroidManifest.xml:16:13-45
	android:launchMode
		ADDED from src\main\AndroidManifest.xml:17:13-44
	android:name
		ADDED from src\main\AndroidManifest.xml:15:13-40
intent-filter#android.intent.action.MAIN+android.intent.category.LAUNCHER
ADDED from src\main\AndroidManifest.xml:18:13-22:29
action#android.intent.action.MAIN
ADDED from src\main\AndroidManifest.xml:19:17-69
	android:name
		ADDED from src\main\AndroidManifest.xml:19:25-66
category#android.intent.category.LAUNCHER
ADDED from src\main\AndroidManifest.xml:21:17-77
	android:name
		ADDED from src\main\AndroidManifest.xml:21:27-74
activity#com.example.viraj.wsg.College
ADDED from src\main\AndroidManifest.xml:24:9-28:57
	android:label
		ADDED from src\main\AndroidManifest.xml:26:13-40
	android:parentActivityName
		ADDED from src\main\AndroidManifest.xml:28:13-54
	android:launchMode
		ADDED from src\main\AndroidManifest.xml:27:13-44
	android:name
		ADDED from src\main\AndroidManifest.xml:25:13-36
activity#com.example.viraj.wsg.Mess
ADDED from src\main\AndroidManifest.xml:29:9-33:59
	android:label
		ADDED from src\main\AndroidManifest.xml:31:13-56
	android:launchMode
		ADDED from src\main\AndroidManifest.xml:32:13-44
	android:theme
		ADDED from src\main\AndroidManifest.xml:33:13-56
	android:name
		ADDED from src\main\AndroidManifest.xml:30:13-33
activity#com.example.viraj.wsg.Banks
ADDED from src\main\AndroidManifest.xml:34:9-38:59
	android:label
		ADDED from src\main\AndroidManifest.xml:36:13-57
	android:launchMode
		ADDED from src\main\AndroidManifest.xml:37:13-44
	android:theme
		ADDED from src\main\AndroidManifest.xml:38:13-56
	android:name
		ADDED from src\main\AndroidManifest.xml:35:13-34
activity#com.example.viraj.wsg.ATM
ADDED from src\main\AndroidManifest.xml:39:9-43:59
	android:label
		ADDED from src\main\AndroidManifest.xml:41:13-55
	android:launchMode
		ADDED from src\main\AndroidManifest.xml:42:13-44
	android:theme
		ADDED from src\main\AndroidManifest.xml:43:13-56
	android:name
		ADDED from src\main\AndroidManifest.xml:40:13-32
activity#com.example.viraj.wsg.Hospitals
ADDED from src\main\AndroidManifest.xml:44:9-48:59
	android:label
		ADDED from src\main\AndroidManifest.xml:46:13-61
	android:launchMode
		ADDED from src\main\AndroidManifest.xml:47:13-44
	android:theme
		ADDED from src\main\AndroidManifest.xml:48:13-56
	android:name
		ADDED from src\main\AndroidManifest.xml:45:13-38
activity#com.example.viraj.wsg.MedicalStore
ADDED from src\main\AndroidManifest.xml:49:9-53:59
	android:label
		ADDED from src\main\AndroidManifest.xml:51:13-65
	android:launchMode
		ADDED from src\main\AndroidManifest.xml:52:13-44
	android:theme
		ADDED from src\main\AndroidManifest.xml:53:13-56
	android:name
		ADDED from src\main\AndroidManifest.xml:50:13-41
activity#com.example.viraj.wsg.Restaurants
ADDED from src\main\AndroidManifest.xml:54:9-58:59
	android:label
		ADDED from src\main\AndroidManifest.xml:56:13-63
	android:launchMode
		ADDED from src\main\AndroidManifest.xml:57:13-44
	android:theme
		ADDED from src\main\AndroidManifest.xml:58:13-56
	android:name
		ADDED from src\main\AndroidManifest.xml:55:13-40
activity#com.example.viraj.wsg.PrivateHostels
ADDED from src\main\AndroidManifest.xml:59:9-63:59
	android:label
		ADDED from src\main\AndroidManifest.xml:61:13-67
	android:launchMode
		ADDED from src\main\AndroidManifest.xml:62:13-44
	android:theme
		ADDED from src\main\AndroidManifest.xml:63:13-56
	android:name
		ADDED from src\main\AndroidManifest.xml:60:13-43
activity#com.example.viraj.wsg.Shopping
ADDED from src\main\AndroidManifest.xml:64:9-68:59
	android:label
		ADDED from src\main\AndroidManifest.xml:66:13-60
	android:launchMode
		ADDED from src\main\AndroidManifest.xml:67:13-44
	android:theme
		ADDED from src\main\AndroidManifest.xml:68:13-56
	android:name
		ADDED from src\main\AndroidManifest.xml:65:13-37
activity#com.example.viraj.wsg.Travelling
ADDED from src\main\AndroidManifest.xml:69:9-73:59
	android:label
		ADDED from src\main\AndroidManifest.xml:71:13-62
	android:launchMode
		ADDED from src\main\AndroidManifest.xml:72:13-44
	android:theme
		ADDED from src\main\AndroidManifest.xml:73:13-56
	android:name
		ADDED from src\main\AndroidManifest.xml:70:13-39
activity#com.example.viraj.wsg.JainMess
ADDED from src\main\AndroidManifest.xml:74:9-77:59
	android:label
		ADDED from src\main\AndroidManifest.xml:76:13-61
	android:theme
		ADDED from src\main\AndroidManifest.xml:77:13-56
	android:name
		ADDED from src\main\AndroidManifest.xml:75:13-37
activity#com.example.viraj.wsg.PotobaMess
ADDED from src\main\AndroidManifest.xml:78:9-81:59
	android:label
		ADDED from src\main\AndroidManifest.xml:80:13-63
	android:theme
		ADDED from src\main\AndroidManifest.xml:81:13-56
	android:name
		ADDED from src\main\AndroidManifest.xml:79:13-39
activity#com.example.viraj.wsg.YesSirMess
ADDED from src\main\AndroidManifest.xml:82:9-85:59
	android:label
		ADDED from src\main\AndroidManifest.xml:84:13-64
	android:theme
		ADDED from src\main\AndroidManifest.xml:85:13-56
	android:name
		ADDED from src\main\AndroidManifest.xml:83:13-39
activity#com.example.viraj.wsg.AgatyaBhojanalay
ADDED from src\main\AndroidManifest.xml:86:9-89:59
	android:label
		ADDED from src\main\AndroidManifest.xml:88:13-69
	android:theme
		ADDED from src\main\AndroidManifest.xml:89:13-56
	android:name
		ADDED from src\main\AndroidManifest.xml:87:13-45
activity#com.example.viraj.wsg.BalajiMess
ADDED from src\main\AndroidManifest.xml:90:9-93:59
	android:label
		ADDED from src\main\AndroidManifest.xml:92:13-63
	android:theme
		ADDED from src\main\AndroidManifest.xml:93:13-56
	android:name
		ADDED from src\main\AndroidManifest.xml:91:13-39
activity#com.example.viraj.wsg.AshirwadMess
ADDED from src\main\AndroidManifest.xml:94:9-97:59
	android:label
		ADDED from src\main\AndroidManifest.xml:96:13-65
	android:theme
		ADDED from src\main\AndroidManifest.xml:97:13-56
	android:name
		ADDED from src\main\AndroidManifest.xml:95:13-41
activity#com.example.viraj.wsg.ChintamaniMess
ADDED from src\main\AndroidManifest.xml:98:9-101:59
	android:label
		ADDED from src\main\AndroidManifest.xml:100:13-67
	android:theme
		ADDED from src\main\AndroidManifest.xml:101:13-56
	android:name
		ADDED from src\main\AndroidManifest.xml:99:13-43
activity#com.example.viraj.wsg.GaneshMess
ADDED from src\main\AndroidManifest.xml:102:9-105:59
	android:label
		ADDED from src\main\AndroidManifest.xml:104:13-63
	android:theme
		ADDED from src\main\AndroidManifest.xml:105:13-56
	android:name
		ADDED from src\main\AndroidManifest.xml:103:13-39
activity#com.example.viraj.wsg.LaxmiMess
ADDED from src\main\AndroidManifest.xml:106:9-109:59
	android:label
		ADDED from src\main\AndroidManifest.xml:108:13-62
	android:theme
		ADDED from src\main\AndroidManifest.xml:109:13-56
	android:name
		ADDED from src\main\AndroidManifest.xml:107:13-38
activity#com.example.viraj.wsg.KolapeMess
ADDED from src\main\AndroidManifest.xml:110:9-113:59
	android:label
		ADDED from src\main\AndroidManifest.xml:112:13-63
	android:theme
		ADDED from src\main\AndroidManifest.xml:113:13-56
	android:name
		ADDED from src\main\AndroidManifest.xml:111:13-39
activity#com.example.viraj.wsg.SaiMess
ADDED from src\main\AndroidManifest.xml:114:9-117:59
	android:label
		ADDED from src\main\AndroidManifest.xml:116:13-60
	android:theme
		ADDED from src\main\AndroidManifest.xml:117:13-56
	android:name
		ADDED from src\main\AndroidManifest.xml:115:13-36
activity#com.example.viraj.wsg.MavshiMess
ADDED from src\main\AndroidManifest.xml:118:9-121:59
	android:label
		ADDED from src\main\AndroidManifest.xml:120:13-63
	android:theme
		ADDED from src\main\AndroidManifest.xml:121:13-56
	android:name
		ADDED from src\main\AndroidManifest.xml:119:13-39
activity#com.example.viraj.wsg.SachinBhojanalay
ADDED from src\main\AndroidManifest.xml:122:9-125:59
	android:label
		ADDED from src\main\AndroidManifest.xml:124:13-69
	android:theme
		ADDED from src\main\AndroidManifest.xml:125:13-56
	android:name
		ADDED from src\main\AndroidManifest.xml:123:13-45
activity#com.example.viraj.wsg.Dominos_Food
ADDED from src\main\AndroidManifest.xml:126:9-129:59
	android:label
		ADDED from src\main\AndroidManifest.xml:128:13-65
	android:theme
		ADDED from src\main\AndroidManifest.xml:129:13-56
	android:name
		ADDED from src\main\AndroidManifest.xml:127:13-41
activity#com.example.viraj.wsg.Rahmatulla_Food
ADDED from src\main\AndroidManifest.xml:130:9-133:59
	android:label
		ADDED from src\main\AndroidManifest.xml:132:13-68
	android:theme
		ADDED from src\main\AndroidManifest.xml:133:13-56
	android:name
		ADDED from src\main\AndroidManifest.xml:131:13-44
activity#com.example.viraj.wsg.MirchiFood
ADDED from src\main\AndroidManifest.xml:134:9-137:59
	android:label
		ADDED from src\main\AndroidManifest.xml:136:13-63
	android:theme
		ADDED from src\main\AndroidManifest.xml:137:13-56
	android:name
		ADDED from src\main\AndroidManifest.xml:135:13-39
activity#com.example.viraj.wsg.GaneshNashta_Food
ADDED from src\main\AndroidManifest.xml:138:9-141:59
	android:label
		ADDED from src\main\AndroidManifest.xml:140:13-71
	android:theme
		ADDED from src\main\AndroidManifest.xml:141:13-56
	android:name
		ADDED from src\main\AndroidManifest.xml:139:13-46
activity#com.example.viraj.wsg.RollsMania_Food
ADDED from src\main\AndroidManifest.xml:142:9-145:59
	android:label
		ADDED from src\main\AndroidManifest.xml:144:13-69
	android:theme
		ADDED from src\main\AndroidManifest.xml:145:13-56
	android:name
		ADDED from src\main\AndroidManifest.xml:143:13-44
activity#com.example.viraj.wsg.ManjuNashta_Food
ADDED from src\main\AndroidManifest.xml:146:9-149:59
	android:label
		ADDED from src\main\AndroidManifest.xml:148:13-70
	android:theme
		ADDED from src\main\AndroidManifest.xml:149:13-56
	android:name
		ADDED from src\main\AndroidManifest.xml:147:13-45
activity#com.example.viraj.wsg.IceBerg_Food
ADDED from src\main\AndroidManifest.xml:150:9-153:59
	android:label
		ADDED from src\main\AndroidManifest.xml:152:13-66
	android:theme
		ADDED from src\main\AndroidManifest.xml:153:13-56
	android:name
		ADDED from src\main\AndroidManifest.xml:151:13-41
activity#com.example.viraj.wsg.SafaBakers_Food
ADDED from src\main\AndroidManifest.xml:154:9-157:59
	android:label
		ADDED from src\main\AndroidManifest.xml:156:13-69
	android:theme
		ADDED from src\main\AndroidManifest.xml:157:13-56
	android:name
		ADDED from src\main\AndroidManifest.xml:155:13-44
activity#com.example.viraj.wsg.CCD_Food
ADDED from src\main\AndroidManifest.xml:158:9-161:59
	android:label
		ADDED from src\main\AndroidManifest.xml:160:13-61
	android:theme
		ADDED from src\main\AndroidManifest.xml:161:13-56
	android:name
		ADDED from src\main\AndroidManifest.xml:159:13-37
activity#com.example.viraj.wsg.PaiPrakash_Hotel
ADDED from src\main\AndroidManifest.xml:162:9-165:59
	android:label
		ADDED from src\main\AndroidManifest.xml:164:13-70
	android:theme
		ADDED from src\main\AndroidManifest.xml:165:13-56
	android:name
		ADDED from src\main\AndroidManifest.xml:163:13-45
activity#com.example.viraj.wsg.LoginActivity
ADDED from src\main\AndroidManifest.xml:166:9-51
	android:name
		ADDED from src\main\AndroidManifest.xml:166:19-48
activity#com.example.viraj.wsg.Register
ADDED from src\main\AndroidManifest.xml:167:9-46
	android:name
		ADDED from src\main\AndroidManifest.xml:167:19-43
activity#com.example.viraj.wsg.About_wce
ADDED from src\main\AndroidManifest.xml:168:9-171:20
	android:label
		ADDED from src\main\AndroidManifest.xml:169:13-52
	android:theme
		ADDED from src\main\AndroidManifest.xml:170:13-56
	android:name
		ADDED from src\main\AndroidManifest.xml:168:19-44
activity#com.example.viraj.wsg.facilities
ADDED from src\main\AndroidManifest.xml:172:9-174:20
	android:label
		ADDED from src\main\AndroidManifest.xml:173:13-53
	android:name
		ADDED from src\main\AndroidManifest.xml:172:19-45
activity#com.example.viraj.wsg.about_departments
ADDED from src\main\AndroidManifest.xml:175:9-177:20
	android:label
		ADDED from src\main\AndroidManifest.xml:176:13-60
	android:name
		ADDED from src\main\AndroidManifest.xml:175:19-52
uses-sdk
INJECTED from src\main\AndroidManifest.xml reason: use-sdk injection requested
MERGED from [com.android.support:appcompat-v7:23.1.1] AndroidManifest.xml:20:5-43
MERGED from [com.android.support:support-v4:23.1.1] AndroidManifest.xml:20:5-43
MERGED from [com.android.support:design:23.1.1] AndroidManifest.xml:20:5-43
MERGED from [com.android.support:appcompat-v7:23.1.1] AndroidManifest.xml:20:5-43
MERGED from [com.android.support:support-v4:23.1.1] AndroidManifest.xml:20:5-43
MERGED from [com.android.support:recyclerview-v7:23.1.1] AndroidManifest.xml:20:5-43
MERGED from [com.android.support:support-v4:23.1.1] AndroidManifest.xml:20:5-43
MERGED from [com.android.support:support-v4:23.1.1] AndroidManifest.xml:20:5-43
	android:targetSdkVersion
		INJECTED from src\main\AndroidManifest.xml
		INJECTED from src\main\AndroidManifest.xml
	android:minSdkVersion
		INJECTED from src\main\AndroidManifest.xml
		INJECTED from src\main\AndroidManifest.xml